app/app/build/intermediates/manifest_merge_blame_file/debug/manifest-merger-blame-debug-report.txt
1<?xml version="1.0" encoding="utf-8"?>
2<manifest xmlns:android="http://schemas.android.com/apk/res/android"
3    package="com.tencent.yolov8ncnn"
4    android:versionCode="1"
5    android:versionName="1.2" >
6
7    <uses-sdk android:minSdkVersion="26" />
7-->src\main\AndroidManifest.xml
8
9    <uses-permission android:name="android.permission.CAMERA" />
9-->src\main\AndroidManifest.xml:6:5-65
9-->src\main\AndroidManifest.xml:6:22-62
10    <uses-permission android:name="android.permission.WRITE_EXTERNAL_STORAGE" />
10-->src\main\AndroidManifest.xml:7:5-81
10-->src\main\AndroidManifest.xml:7:22-78
11    <uses-permission android:name="android.permission.READ_EXTERNAL_STORAGE" />
11-->src\main\AndroidManifest.xml:8:5-80
11-->src\main\AndroidManifest.xml:8:22-77
12
13    <uses-feature android:name="android.hardware.camera2.full" />
13-->src\main\AndroidManifest.xml:9:5-66
13-->src\main\AndroidManifest.xml:9:19-63
14
15    <application
15-->src\main\AndroidManifest.xml:11:5-25:19
16        android:appComponentFactory="android.support.v4.app.CoreComponentFactory"
16-->[com.android.support:support-compat:28.0.0] AndroidManifest.xml:22:18-91
17        android:debuggable="true"
18        android:icon="@mipmap/ic_launcher"
18-->src\main\AndroidManifest.xml:13:9-43
19        android:label="@string/app_name"
19-->src\main\AndroidManifest.xml:12:9-41
20        android:requestLegacyExternalStorage="true"
20-->src\main\AndroidManifest.xml:15:9-52
21        android:roundIcon="@mipmap/ic_launcher" >
21-->src\main\AndroidManifest.xml:14:9-48
22        <activity
22-->src\main\AndroidManifest.xml:17:9-24:20
23            android:name="com.tencent.yolov8ncnn.MainActivity"
23-->src\main\AndroidManifest.xml:17:19-46
24            android:label="@string/app_name"
24-->src\main\AndroidManifest.xml:18:13-45
25            android:screenOrientation="portrait" >
25-->src\main\AndroidManifest.xml:19:13-49
26            <intent-filter>
26-->src\main\AndroidManifest.xml:20:13-23:29
27                <action android:name="android.intent.action.MAIN" />
27-->src\main\AndroidManifest.xml:21:17-69
27-->src\main\AndroidManifest.xml:21:25-66
28
29                <category android:name="android.intent.category.LAUNCHER" />
29-->src\main\AndroidManifest.xml:22:17-77
29-->src\main\AndroidManifest.xml:22:27-74
30            </intent-filter>
31        </activity>
32    </application>
33
34</manifest>